<?xml version="1.0" encoding="UTF-8"?>
<testsuite xmlns:xsi="http://www.w3.org/2001/XMLSchema-instance" xsi:noNamespaceSchemaLocation="https://maven.apache.org/surefire/maven-failsafe-plugin/xsd/failsafe-test-report-3.0.xsd" version="3.0" name="com.francalino.frankley.hellowildfly.test.SampleIT" time="4.82" tests="1" errors="0" skipped="0" failures="0">
  <properties>
    <property name="java.specification.version" value="17"/>
    <property name="arquillian.launch" value="managed"/>
    <property name="sun.jnu.encoding" value="UTF-8"/>
    <property name="java.class.path" value="/home/frankley/projetos/hello-wildfly/web/target/test-classes:/home/frankley/projetos/hello-wildfly/web/target/classes:/home/frankley/.m2/repository/jakarta/enterprise/jakarta.enterprise.cdi-api/4.0.1/jakarta.enterprise.cdi-api-4.0.1.jar:/home/frankley/.m2/repository/jakarta/enterprise/jakarta.enterprise.lang-model/4.0.1/jakarta.enterprise.lang-model-4.0.1.jar:/home/frankley/.m2/repository/jakarta/interceptor/jakarta.interceptor-api/2.1.0/jakarta.interceptor-api-2.1.0.jar:/home/frankley/.m2/repository/jakarta/inject/jakarta.inject-api/2.0.1/jakarta.inject-api-2.0.1.jar:/home/frankley/.m2/repository/org/hibernate/validator/hibernate-validator/8.0.0.Final/hibernate-validator-8.0.0.Final.jar:/home/frankley/.m2/repository/jakarta/validation/jakarta.validation-api/3.0.2/jakarta.validation-api-3.0.2.jar:/home/frankley/.m2/repository/org/jboss/logging/jboss-logging/3.4.3.Final/jboss-logging-3.4.3.Final.jar:/home/frankley/.m2/repository/com/fasterxml/classmate/1.5.1/classmate-1.5.1.jar:/home/frankley/.m2/repository/jakarta/persistence/jakarta.persistence-api/3.1.0/jakarta.persistence-api-3.1.0.jar:/home/frankley/projetos/hello-wildfly/ejb/target/hello-wildfly-ejb.jar:/home/frankley/.m2/repository/jakarta/faces/jakarta.faces-api/4.0.1/jakarta.faces-api-4.0.1.jar:/home/frankley/.m2/repository/jakarta/ws/rs/jakarta.ws.rs-api/3.1.0/jakarta.ws.rs-api-3.1.0.jar:/home/frankley/.m2/repository/jakarta/servlet/jakarta.servlet-api/6.0.0/jakarta.servlet-api-6.0.0.jar:/home/frankley/.m2/repository/jakarta/ejb/jakarta.ejb-api/4.0.1/jakarta.ejb-api-4.0.1.jar:/home/frankley/.m2/repository/jakarta/transaction/jakarta.transaction-api/2.0.1/jakarta.transaction-api-2.0.1.jar:/home/frankley/.m2/repository/jakarta/annotation/jakarta.annotation-api/2.1.1/jakarta.annotation-api-2.1.1.jar:/home/frankley/.m2/repository/junit/junit/4.13.1/junit-4.13.1.jar:/home/frankley/.m2/repository/org/hamcrest/hamcrest-core/1.3/hamcrest-core-1.3.jar:/home/frankley/.m2/repository/org/jboss/arquillian/junit/arquillian-junit-container/1.7.0.Final/arquillian-junit-container-1.7.0.Final.jar:/home/frankley/.m2/repository/org/jboss/arquillian/junit/arquillian-junit-core/1.7.0.Final/arquillian-junit-core-1.7.0.Final.jar:/home/frankley/.m2/repository/org/jboss/arquillian/test/arquillian-test-api/1.7.0.Final/arquillian-test-api-1.7.0.Final.jar:/home/frankley/.m2/repository/org/jboss/arquillian/test/arquillian-test-spi/1.7.0.Final/arquillian-test-spi-1.7.0.Final.jar:/home/frankley/.m2/repository/org/jboss/arquillian/core/arquillian-core-spi/1.7.0.Final/arquillian-core-spi-1.7.0.Final.jar:/home/frankley/.m2/repository/org/jboss/arquillian/container/arquillian-container-test-api/1.7.0.Final/arquillian-container-test-api-1.7.0.Final.jar:/home/frankley/.m2/repository/org/jboss/shrinkwrap/shrinkwrap-api/1.2.6/shrinkwrap-api-1.2.6.jar:/home/frankley/.m2/repository/org/jboss/shrinkwrap/descriptors/shrinkwrap-descriptors-api-base/2.0.0/shrinkwrap-descriptors-api-base-2.0.0.jar:/home/frankley/.m2/repository/org/jboss/arquillian/container/arquillian-container-test-spi/1.7.0.Final/arquillian-container-test-spi-1.7.0.Final.jar:/home/frankley/.m2/repository/org/jboss/arquillian/core/arquillian-core-impl-base/1.7.0.Final/arquillian-core-impl-base-1.7.0.Final.jar:/home/frankley/.m2/repository/org/jboss/arquillian/test/arquillian-test-impl-base/1.7.0.Final/arquillian-test-impl-base-1.7.0.Final.jar:/home/frankley/.m2/repository/org/jboss/arquillian/container/arquillian-container-impl-base/1.7.0.Final/arquillian-container-impl-base-1.7.0.Final.jar:/home/frankley/.m2/repository/org/jboss/arquillian/config/arquillian-config-api/1.7.0.Final/arquillian-config-api-1.7.0.Final.jar:/home/frankley/.m2/repository/org/jboss/arquillian/config/arquillian-config-impl-base/1.7.0.Final/arquillian-config-impl-base-1.7.0.Final.jar:/home/frankley/.m2/repository/org/jboss/arquillian/config/arquillian-config-spi/1.7.0.Final/arquillian-config-spi-1.7.0.Final.jar:/home/frankley/.m2/repository/org/jboss/arquillian/container/arquillian-container-test-impl-base/1.7.0.Final/arquillian-container-test-impl-base-1.7.0.Final.jar:/home/frankley/.m2/repository/org/jboss/shrinkwrap/shrinkwrap-impl-base/1.2.6/shrinkwrap-impl-base-1.2.6.jar:/home/frankley/.m2/repository/org/jboss/shrinkwrap/shrinkwrap-spi/1.2.6/shrinkwrap-spi-1.2.6.jar:/home/frankley/.m2/repository/org/jboss/arquillian/protocol/arquillian-protocol-servlet/1.7.0.Final/arquillian-protocol-servlet-1.7.0.Final.jar:/home/frankley/.m2/repository/org/jboss/arquillian/container/arquillian-container-spi/1.7.0.Final/arquillian-container-spi-1.7.0.Final.jar:/home/frankley/.m2/repository/org/jboss/shrinkwrap/descriptors/shrinkwrap-descriptors-spi/2.0.0/shrinkwrap-descriptors-spi-2.0.0.jar:/home/frankley/.m2/repository/org/wildfly/arquillian/wildfly-arquillian-container-managed/5.0.0.Final/wildfly-arquillian-container-managed-5.0.0.Final.jar:/home/frankley/.m2/repository/org/wildfly/arquillian/wildfly-arquillian-common/5.0.0.Final/wildfly-arquillian-common-5.0.0.Final.jar:/home/frankley/.m2/repository/org/jboss/arquillian/testenricher/arquillian-testenricher-cdi-jakarta/1.7.0.Final/arquillian-testenricher-cdi-jakarta-1.7.0.Final.jar:/home/frankley/.m2/repository/org/jboss/arquillian/testenricher/arquillian-testenricher-ejb-jakarta/1.7.0.Final/arquillian-testenricher-ejb-jakarta-1.7.0.Final.jar:/home/frankley/.m2/repository/org/jboss/arquillian/testenricher/arquillian-testenricher-initialcontext/1.7.0.Final/arquillian-testenricher-initialcontext-1.7.0.Final.jar:/home/frankley/.m2/repository/org/jboss/arquillian/testenricher/arquillian-testenricher-resource-jakarta/1.7.0.Final/arquillian-testenricher-resource-jakarta-1.7.0.Final.jar:/home/frankley/.m2/repository/org/jboss/arquillian/protocol/arquillian-protocol-servlet-jakarta/1.7.0.Final/arquillian-protocol-servlet-jakarta-1.7.0.Final.jar:/home/frankley/.m2/repository/org/wildfly/arquillian/wildfly-arquillian-testenricher-msc/5.0.0.Final/wildfly-arquillian-testenricher-msc-5.0.0.Final.jar:/home/frankley/.m2/repository/org/jboss/msc/jboss-msc/1.5.1.Final/jboss-msc-1.5.1.Final.jar:/home/frankley/.m2/repository/org/wildfly/core/wildfly-server/20.0.1.Final/wildfly-server-20.0.1.Final.jar:/home/frankley/.m2/repository/org/wildfly/core/wildfly-controller-client/20.0.1.Final/wildfly-controller-client-20.0.1.Final.jar:/home/frankley/.m2/repository/org/wildfly/core/wildfly-protocol/20.0.1.Final/wildfly-protocol-20.0.1.Final.jar:/home/frankley/.m2/repository/org/jboss/modules/jboss-modules/2.1.0.Final/jboss-modules-2.1.0.Final.jar:/home/frankley/.m2/repository/org/wildfly/security/wildfly-elytron-auth-server/2.2.1.Final/wildfly-elytron-auth-server-2.2.1.Final.jar:/home/frankley/.m2/repository/org/wildfly/security/wildfly-elytron-credential/2.2.1.Final/wildfly-elytron-credential-2.2.1.Final.jar:/home/frankley/.m2/repository/org/wildfly/security/wildfly-elytron-x500/2.2.1.Final/wildfly-elytron-x500-2.2.1.Final.jar:/home/frankley/.m2/repository/org/wildfly/security/wildfly-elytron-auth-server-deprecated/2.2.1.Final/wildfly-elytron-auth-server-deprecated-2.2.1.Final.jar:/home/frankley/.m2/repository/org/wildfly/security/wildfly-elytron-http/2.2.1.Final/wildfly-elytron-http-2.2.1.Final.jar:/home/frankley/.m2/repository/org/wildfly/security/wildfly-elytron-auth-server-http/2.2.1.Final/wildfly-elytron-auth-server-http-2.2.1.Final.jar:/home/frankley/.m2/repository/org/wildfly/security/wildfly-elytron-auth-server-sasl/2.2.1.Final/wildfly-elytron-auth-server-sasl-2.2.1.Final.jar:/home/frankley/.m2/repository/org/wildfly/security/wildfly-elytron-client/2.2.1.Final/wildfly-elytron-client-2.2.1.Final.jar:/home/frankley/.m2/repository/org/wildfly/security/wildfly-elytron-auth-util/2.2.1.Final/wildfly-elytron-auth-util-2.2.1.Final.jar:/home/frankley/.m2/repository/org/wildfly/security/wildfly-elytron-mechanism-gssapi/2.2.1.Final/wildfly-elytron-mechanism-gssapi-2.2.1.Final.jar:/home/frankley/.m2/repository/org/apache/sshd/sshd-common/2.10.0/sshd-common-2.10.0.jar:/home/frankley/.m2/repository/org/wildfly/security/wildfly-elytron-credential-source-impl/2.2.1.Final/wildfly-elytron-credential-source-impl-2.2.1.Final.jar:/home/frankley/.m2/repository/org/wildfly/security/wildfly-elytron-credential-store/2.2.1.Final/wildfly-elytron-credential-store-2.2.1.Final.jar:/home/frankley/.m2/repository/org/wildfly/security/wildfly-elytron-keystore/2.2.1.Final/wildfly-elytron-keystore-2.2.1.Final.jar:/home/frankley/.m2/repository/org/wildfly/security/wildfly-elytron-x500-cert/2.2.1.Final/wildfly-elytron-x500-cert-2.2.1.Final.jar:/home/frankley/.m2/repository/org/wildfly/security/wildfly-elytron-x500-cert-util/2.2.1.Final/wildfly-elytron-x500-cert-util-2.2.1.Final.jar:/home/frankley/.m2/repository/org/wildfly/security/wildfly-elytron-mechanism/2.2.1.Final/wildfly-elytron-mechanism-2.2.1.Final.jar:/home/frankley/.m2/repository/org/wildfly/security/wildfly-elytron-password-impl/2.2.1.Final/wildfly-elytron-password-impl-2.2.1.Final.jar:/home/frankley/.m2/repository/org/wildfly/security/wildfly-elytron-provider-util/2.2.1.Final/wildfly-elytron-provider-util-2.2.1.Final.jar:/home/frankley/.m2/repository/org/wildfly/security/wildfly-elytron-ssh-util/2.2.1.Final/wildfly-elytron-ssh-util-2.2.1.Final.jar:/home/frankley/.m2/repository/org/wildfly/security/wildfly-elytron-permission/2.2.1.Final/wildfly-elytron-permission-2.2.1.Final.jar:/home/frankley/.m2/repository/org/wildfly/security/wildfly-elytron-sasl/2.2.1.Final/wildfly-elytron-sasl-2.2.1.Final.jar:/home/frankley/.m2/repository/org/wildfly/security/wildfly-elytron-ssl/2.2.1.Final/wildfly-elytron-ssl-2.2.1.Final.jar:/home/frankley/.m2/repository/org/wildfly/security/wildfly-elytron-sasl-anonymous/2.2.1.Final/wildfly-elytron-sasl-anonymous-2.2.1.Final.jar:/home/frankley/.m2/repository/org/wildfly/security/wildfly-elytron-sasl-localuser/2.2.1.Final/wildfly-elytron-sasl-localuser-2.2.1.Final.jar:/home/frankley/.m2/repository/org/wildfly/security/wildfly-elytron-realm/2.2.1.Final/wildfly-elytron-realm-2.2.1.Final.jar:/home/frankley/.m2/repository/org/wildfly/security/wildfly-elytron-encryption/2.2.1.Final/wildfly-elytron-encryption-2.2.1.Final.jar:/home/frankley/.m2/repository/org/jboss/jboss-dmr/1.6.1.Final/jboss-dmr-1.6.1.Final.jar:/home/frankley/.m2/repository/org/jboss/threads/jboss-threads/2.4.0.Final/jboss-threads-2.4.0.Final.jar:/home/frankley/.m2/repository/org/wildfly/security/wildfly-elytron-auth/2.2.1.Final/wildfly-elytron-auth-2.2.1.Final.jar:/home/frankley/.m2/repository/org/wildfly/security/wildfly-elytron-util/2.2.1.Final/wildfly-elytron-util-2.2.1.Final.jar:/home/frankley/.m2/repository/org/wildfly/security/wildfly-elytron-asn1/2.2.1.Final/wildfly-elytron-asn1-2.2.1.Final.jar:/home/frankley/.m2/repository/org/wildfly/security/wildfly-elytron-base/2.2.1.Final/wildfly-elytron-base-2.2.1.Final.jar:/home/frankley/.m2/repository/org/wildfly/security/wildfly-elytron-security-manager/2.2.1.Final/wildfly-elytron-security-manager-2.2.1.Final.jar:/home/frankley/.m2/repository/org/wildfly/security/wildfly-elytron-security-manager-action/2.2.1.Final/wildfly-elytron-security-manager-action-2.2.1.Final.jar:/home/frankley/.m2/repository/org/wildfly/plugins/wildfly-plugin-core/4.0.0.Final/wildfly-plugin-core-4.0.0.Final.jar:/home/frankley/.m2/repository/org/jboss/shrinkwrap/descriptors/shrinkwrap-descriptors-impl-base/2.0.0/shrinkwrap-descriptors-impl-base-2.0.0.jar:/home/frankley/.m2/repository/org/wildfly/common/wildfly-common/1.6.0.Final/wildfly-common-1.6.0.Final.jar:/home/frankley/.m2/repository/org/jboss/xnio/xnio-api/3.8.9.Final/xnio-api-3.8.9.Final.jar:/home/frankley/.m2/repository/org/jboss/xnio/xnio-nio/3.8.9.Final/xnio-nio-3.8.9.Final.jar:/home/frankley/.m2/repository/org/jboss/marshalling/jboss-marshalling/2.1.1.Final/jboss-marshalling-2.1.1.Final.jar:/home/frankley/.m2/repository/org/jboss/marshalling/jboss-marshalling-river/2.1.1.Final/jboss-marshalling-river-2.1.1.Final.jar:/home/frankley/.m2/repository/org/jboss/remoting/jboss-remoting/5.0.27.Final/jboss-remoting-5.0.27.Final.jar:/home/frankley/.m2/repository/org/wildfly/client/wildfly-client-config/1.0.1.Final/wildfly-client-config-1.0.1.Final.jar:/home/frankley/.m2/repository/org/jboss/remotingjmx/remoting-jmx/3.0.4.Final/remoting-jmx-3.0.4.Final.jar:/home/frankley/.m2/repository/org/wildfly/core/wildfly-launcher/20.0.1.Final/wildfly-launcher-20.0.1.Final.jar:/home/frankley/.m2/repository/org/jboss/arquillian/core/arquillian-core-api/1.7.0.Final/arquillian-core-api-1.7.0.Final.jar:"/>
    <property name="java.vm.vendor" value="Oracle Corporation"/>
    <property name="sun.arch.data.model" value="64"/>
    <property name="swing.aatext" value="true"/>
    <property name="java.vendor.url" value="https://java.oracle.com/"/>
    <property name="os.name" value="Linux"/>
    <property name="java.vm.specification.version" value="17"/>
    <property name="sun.java.launcher" value="SUN_STANDARD"/>
    <property name="sun.boot.library.path" value="/home/frankley/.sdkman/candidates/java/17.0.8-oracle/lib"/>
    <property name="sun.java.command" value="/home/frankley/projetos/hello-wildfly/web/target/surefire/surefirebooter-20230926202822794_3.jar /home/frankley/projetos/hello-wildfly/web/target/surefire 2023-09-26T20-28-21_490-jvmRun1 surefire-20230926202822794_1tmp surefire_0-20230926202822794_2tmp"/>
    <property name="jdk.debug" value="release"/>
    <property name="surefire.test.class.path" value="/home/frankley/projetos/hello-wildfly/web/target/test-classes:/home/frankley/projetos/hello-wildfly/web/target/classes:/home/frankley/.m2/repository/jakarta/enterprise/jakarta.enterprise.cdi-api/4.0.1/jakarta.enterprise.cdi-api-4.0.1.jar:/home/frankley/.m2/repository/jakarta/enterprise/jakarta.enterprise.lang-model/4.0.1/jakarta.enterprise.lang-model-4.0.1.jar:/home/frankley/.m2/repository/jakarta/interceptor/jakarta.interceptor-api/2.1.0/jakarta.interceptor-api-2.1.0.jar:/home/frankley/.m2/repository/jakarta/inject/jakarta.inject-api/2.0.1/jakarta.inject-api-2.0.1.jar:/home/frankley/.m2/repository/org/hibernate/validator/hibernate-validator/8.0.0.Final/hibernate-validator-8.0.0.Final.jar:/home/frankley/.m2/repository/jakarta/validation/jakarta.validation-api/3.0.2/jakarta.validation-api-3.0.2.jar:/home/frankley/.m2/repository/org/jboss/logging/jboss-logging/3.4.3.Final/jboss-logging-3.4.3.Final.jar:/home/frankley/.m2/repository/com/fasterxml/classmate/1.5.1/classmate-1.5.1.jar:/home/frankley/.m2/repository/jakarta/persistence/jakarta.persistence-api/3.1.0/jakarta.persistence-api-3.1.0.jar:/home/frankley/projetos/hello-wildfly/ejb/target/hello-wildfly-ejb.jar:/home/frankley/.m2/repository/jakarta/faces/jakarta.faces-api/4.0.1/jakarta.faces-api-4.0.1.jar:/home/frankley/.m2/repository/jakarta/ws/rs/jakarta.ws.rs-api/3.1.0/jakarta.ws.rs-api-3.1.0.jar:/home/frankley/.m2/repository/jakarta/servlet/jakarta.servlet-api/6.0.0/jakarta.servlet-api-6.0.0.jar:/home/frankley/.m2/repository/jakarta/ejb/jakarta.ejb-api/4.0.1/jakarta.ejb-api-4.0.1.jar:/home/frankley/.m2/repository/jakarta/transaction/jakarta.transaction-api/2.0.1/jakarta.transaction-api-2.0.1.jar:/home/frankley/.m2/repository/jakarta/annotation/jakarta.annotation-api/2.1.1/jakarta.annotation-api-2.1.1.jar:/home/frankley/.m2/repository/junit/junit/4.13.1/junit-4.13.1.jar:/home/frankley/.m2/repository/org/hamcrest/hamcrest-core/1.3/hamcrest-core-1.3.jar:/home/frankley/.m2/repository/org/jboss/arquillian/junit/arquillian-junit-container/1.7.0.Final/arquillian-junit-container-1.7.0.Final.jar:/home/frankley/.m2/repository/org/jboss/arquillian/junit/arquillian-junit-core/1.7.0.Final/arquillian-junit-core-1.7.0.Final.jar:/home/frankley/.m2/repository/org/jboss/arquillian/test/arquillian-test-api/1.7.0.Final/arquillian-test-api-1.7.0.Final.jar:/home/frankley/.m2/repository/org/jboss/arquillian/test/arquillian-test-spi/1.7.0.Final/arquillian-test-spi-1.7.0.Final.jar:/home/frankley/.m2/repository/org/jboss/arquillian/core/arquillian-core-spi/1.7.0.Final/arquillian-core-spi-1.7.0.Final.jar:/home/frankley/.m2/repository/org/jboss/arquillian/container/arquillian-container-test-api/1.7.0.Final/arquillian-container-test-api-1.7.0.Final.jar:/home/frankley/.m2/repository/org/jboss/shrinkwrap/shrinkwrap-api/1.2.6/shrinkwrap-api-1.2.6.jar:/home/frankley/.m2/repository/org/jboss/shrinkwrap/descriptors/shrinkwrap-descriptors-api-base/2.0.0/shrinkwrap-descriptors-api-base-2.0.0.jar:/home/frankley/.m2/repository/org/jboss/arquillian/container/arquillian-container-test-spi/1.7.0.Final/arquillian-container-test-spi-1.7.0.Final.jar:/home/frankley/.m2/repository/org/jboss/arquillian/core/arquillian-core-impl-base/1.7.0.Final/arquillian-core-impl-base-1.7.0.Final.jar:/home/frankley/.m2/repository/org/jboss/arquillian/test/arquillian-test-impl-base/1.7.0.Final/arquillian-test-impl-base-1.7.0.Final.jar:/home/frankley/.m2/repository/org/jboss/arquillian/container/arquillian-container-impl-base/1.7.0.Final/arquillian-container-impl-base-1.7.0.Final.jar:/home/frankley/.m2/repository/org/jboss/arquillian/config/arquillian-config-api/1.7.0.Final/arquillian-config-api-1.7.0.Final.jar:/home/frankley/.m2/repository/org/jboss/arquillian/config/arquillian-config-impl-base/1.7.0.Final/arquillian-config-impl-base-1.7.0.Final.jar:/home/frankley/.m2/repository/org/jboss/arquillian/config/arquillian-config-spi/1.7.0.Final/arquillian-config-spi-1.7.0.Final.jar:/home/frankley/.m2/repository/org/jboss/arquillian/container/arquillian-container-test-impl-base/1.7.0.Final/arquillian-container-test-impl-base-1.7.0.Final.jar:/home/frankley/.m2/repository/org/jboss/shrinkwrap/shrinkwrap-impl-base/1.2.6/shrinkwrap-impl-base-1.2.6.jar:/home/frankley/.m2/repository/org/jboss/shrinkwrap/shrinkwrap-spi/1.2.6/shrinkwrap-spi-1.2.6.jar:/home/frankley/.m2/repository/org/jboss/arquillian/protocol/arquillian-protocol-servlet/1.7.0.Final/arquillian-protocol-servlet-1.7.0.Final.jar:/home/frankley/.m2/repository/org/jboss/arquillian/container/arquillian-container-spi/1.7.0.Final/arquillian-container-spi-1.7.0.Final.jar:/home/frankley/.m2/repository/org/jboss/shrinkwrap/descriptors/shrinkwrap-descriptors-spi/2.0.0/shrinkwrap-descriptors-spi-2.0.0.jar:/home/frankley/.m2/repository/org/wildfly/arquillian/wildfly-arquillian-container-managed/5.0.0.Final/wildfly-arquillian-container-managed-5.0.0.Final.jar:/home/frankley/.m2/repository/org/wildfly/arquillian/wildfly-arquillian-common/5.0.0.Final/wildfly-arquillian-common-5.0.0.Final.jar:/home/frankley/.m2/repository/org/jboss/arquillian/testenricher/arquillian-testenricher-cdi-jakarta/1.7.0.Final/arquillian-testenricher-cdi-jakarta-1.7.0.Final.jar:/home/frankley/.m2/repository/org/jboss/arquillian/testenricher/arquillian-testenricher-ejb-jakarta/1.7.0.Final/arquillian-testenricher-ejb-jakarta-1.7.0.Final.jar:/home/frankley/.m2/repository/org/jboss/arquillian/testenricher/arquillian-testenricher-initialcontext/1.7.0.Final/arquillian-testenricher-initialcontext-1.7.0.Final.jar:/home/frankley/.m2/repository/org/jboss/arquillian/testenricher/arquillian-testenricher-resource-jakarta/1.7.0.Final/arquillian-testenricher-resource-jakarta-1.7.0.Final.jar:/home/frankley/.m2/repository/org/jboss/arquillian/protocol/arquillian-protocol-servlet-jakarta/1.7.0.Final/arquillian-protocol-servlet-jakarta-1.7.0.Final.jar:/home/frankley/.m2/repository/org/wildfly/arquillian/wildfly-arquillian-testenricher-msc/5.0.0.Final/wildfly-arquillian-testenricher-msc-5.0.0.Final.jar:/home/frankley/.m2/repository/org/jboss/msc/jboss-msc/1.5.1.Final/jboss-msc-1.5.1.Final.jar:/home/frankley/.m2/repository/org/wildfly/core/wildfly-server/20.0.1.Final/wildfly-server-20.0.1.Final.jar:/home/frankley/.m2/repository/org/wildfly/core/wildfly-controller-client/20.0.1.Final/wildfly-controller-client-20.0.1.Final.jar:/home/frankley/.m2/repository/org/wildfly/core/wildfly-protocol/20.0.1.Final/wildfly-protocol-20.0.1.Final.jar:/home/frankley/.m2/repository/org/jboss/modules/jboss-modules/2.1.0.Final/jboss-modules-2.1.0.Final.jar:/home/frankley/.m2/repository/org/wildfly/security/wildfly-elytron-auth-server/2.2.1.Final/wildfly-elytron-auth-server-2.2.1.Final.jar:/home/frankley/.m2/repository/org/wildfly/security/wildfly-elytron-credential/2.2.1.Final/wildfly-elytron-credential-2.2.1.Final.jar:/home/frankley/.m2/repository/org/wildfly/security/wildfly-elytron-x500/2.2.1.Final/wildfly-elytron-x500-2.2.1.Final.jar:/home/frankley/.m2/repository/org/wildfly/security/wildfly-elytron-auth-server-deprecated/2.2.1.Final/wildfly-elytron-auth-server-deprecated-2.2.1.Final.jar:/home/frankley/.m2/repository/org/wildfly/security/wildfly-elytron-http/2.2.1.Final/wildfly-elytron-http-2.2.1.Final.jar:/home/frankley/.m2/repository/org/wildfly/security/wildfly-elytron-auth-server-http/2.2.1.Final/wildfly-elytron-auth-server-http-2.2.1.Final.jar:/home/frankley/.m2/repository/org/wildfly/security/wildfly-elytron-auth-server-sasl/2.2.1.Final/wildfly-elytron-auth-server-sasl-2.2.1.Final.jar:/home/frankley/.m2/repository/org/wildfly/security/wildfly-elytron-client/2.2.1.Final/wildfly-elytron-client-2.2.1.Final.jar:/home/frankley/.m2/repository/org/wildfly/security/wildfly-elytron-auth-util/2.2.1.Final/wildfly-elytron-auth-util-2.2.1.Final.jar:/home/frankley/.m2/repository/org/wildfly/security/wildfly-elytron-mechanism-gssapi/2.2.1.Final/wildfly-elytron-mechanism-gssapi-2.2.1.Final.jar:/home/frankley/.m2/repository/org/apache/sshd/sshd-common/2.10.0/sshd-common-2.10.0.jar:/home/frankley/.m2/repository/org/wildfly/security/wildfly-elytron-credential-source-impl/2.2.1.Final/wildfly-elytron-credential-source-impl-2.2.1.Final.jar:/home/frankley/.m2/repository/org/wildfly/security/wildfly-elytron-credential-store/2.2.1.Final/wildfly-elytron-credential-store-2.2.1.Final.jar:/home/frankley/.m2/repository/org/wildfly/security/wildfly-elytron-keystore/2.2.1.Final/wildfly-elytron-keystore-2.2.1.Final.jar:/home/frankley/.m2/repository/org/wildfly/security/wildfly-elytron-x500-cert/2.2.1.Final/wildfly-elytron-x500-cert-2.2.1.Final.jar:/home/frankley/.m2/repository/org/wildfly/security/wildfly-elytron-x500-cert-util/2.2.1.Final/wildfly-elytron-x500-cert-util-2.2.1.Final.jar:/home/frankley/.m2/repository/org/wildfly/security/wildfly-elytron-mechanism/2.2.1.Final/wildfly-elytron-mechanism-2.2.1.Final.jar:/home/frankley/.m2/repository/org/wildfly/security/wildfly-elytron-password-impl/2.2.1.Final/wildfly-elytron-password-impl-2.2.1.Final.jar:/home/frankley/.m2/repository/org/wildfly/security/wildfly-elytron-provider-util/2.2.1.Final/wildfly-elytron-provider-util-2.2.1.Final.jar:/home/frankley/.m2/repository/org/wildfly/security/wildfly-elytron-ssh-util/2.2.1.Final/wildfly-elytron-ssh-util-2.2.1.Final.jar:/home/frankley/.m2/repository/org/wildfly/security/wildfly-elytron-permission/2.2.1.Final/wildfly-elytron-permission-2.2.1.Final.jar:/home/frankley/.m2/repository/org/wildfly/security/wildfly-elytron-sasl/2.2.1.Final/wildfly-elytron-sasl-2.2.1.Final.jar:/home/frankley/.m2/repository/org/wildfly/security/wildfly-elytron-ssl/2.2.1.Final/wildfly-elytron-ssl-2.2.1.Final.jar:/home/frankley/.m2/repository/org/wildfly/security/wildfly-elytron-sasl-anonymous/2.2.1.Final/wildfly-elytron-sasl-anonymous-2.2.1.Final.jar:/home/frankley/.m2/repository/org/wildfly/security/wildfly-elytron-sasl-localuser/2.2.1.Final/wildfly-elytron-sasl-localuser-2.2.1.Final.jar:/home/frankley/.m2/repository/org/wildfly/security/wildfly-elytron-realm/2.2.1.Final/wildfly-elytron-realm-2.2.1.Final.jar:/home/frankley/.m2/repository/org/wildfly/security/wildfly-elytron-encryption/2.2.1.Final/wildfly-elytron-encryption-2.2.1.Final.jar:/home/frankley/.m2/repository/org/jboss/jboss-dmr/1.6.1.Final/jboss-dmr-1.6.1.Final.jar:/home/frankley/.m2/repository/org/jboss/threads/jboss-threads/2.4.0.Final/jboss-threads-2.4.0.Final.jar:/home/frankley/.m2/repository/org/wildfly/security/wildfly-elytron-auth/2.2.1.Final/wildfly-elytron-auth-2.2.1.Final.jar:/home/frankley/.m2/repository/org/wildfly/security/wildfly-elytron-util/2.2.1.Final/wildfly-elytron-util-2.2.1.Final.jar:/home/frankley/.m2/repository/org/wildfly/security/wildfly-elytron-asn1/2.2.1.Final/wildfly-elytron-asn1-2.2.1.Final.jar:/home/frankley/.m2/repository/org/wildfly/security/wildfly-elytron-base/2.2.1.Final/wildfly-elytron-base-2.2.1.Final.jar:/home/frankley/.m2/repository/org/wildfly/security/wildfly-elytron-security-manager/2.2.1.Final/wildfly-elytron-security-manager-2.2.1.Final.jar:/home/frankley/.m2/repository/org/wildfly/security/wildfly-elytron-security-manager-action/2.2.1.Final/wildfly-elytron-security-manager-action-2.2.1.Final.jar:/home/frankley/.m2/repository/org/wildfly/plugins/wildfly-plugin-core/4.0.0.Final/wildfly-plugin-core-4.0.0.Final.jar:/home/frankley/.m2/repository/org/jboss/shrinkwrap/descriptors/shrinkwrap-descriptors-impl-base/2.0.0/shrinkwrap-descriptors-impl-base-2.0.0.jar:/home/frankley/.m2/repository/org/wildfly/common/wildfly-common/1.6.0.Final/wildfly-common-1.6.0.Final.jar:/home/frankley/.m2/repository/org/jboss/xnio/xnio-api/3.8.9.Final/xnio-api-3.8.9.Final.jar:/home/frankley/.m2/repository/org/jboss/xnio/xnio-nio/3.8.9.Final/xnio-nio-3.8.9.Final.jar:/home/frankley/.m2/repository/org/jboss/marshalling/jboss-marshalling/2.1.1.Final/jboss-marshalling-2.1.1.Final.jar:/home/frankley/.m2/repository/org/jboss/marshalling/jboss-marshalling-river/2.1.1.Final/jboss-marshalling-river-2.1.1.Final.jar:/home/frankley/.m2/repository/org/jboss/remoting/jboss-remoting/5.0.27.Final/jboss-remoting-5.0.27.Final.jar:/home/frankley/.m2/repository/org/wildfly/client/wildfly-client-config/1.0.1.Final/wildfly-client-config-1.0.1.Final.jar:/home/frankley/.m2/repository/org/jboss/remotingjmx/remoting-jmx/3.0.4.Final/remoting-jmx-3.0.4.Final.jar:/home/frankley/.m2/repository/org/wildfly/core/wildfly-launcher/20.0.1.Final/wildfly-launcher-20.0.1.Final.jar:/home/frankley/.m2/repository/org/jboss/arquillian/core/arquillian-core-api/1.7.0.Final/arquillian-core-api-1.7.0.Final.jar:"/>
    <property name="sun.cpu.endian" value="little"/>
    <property name="user.home" value="/home/frankley"/>
    <property name="user.language" value="en"/>
    <property name="java.specification.vendor" value="Oracle Corporation"/>
    <property name="java.version.date" value="2023-07-18"/>
    <property name="java.home" value="/home/frankley/.sdkman/candidates/java/17.0.8-oracle"/>
    <property name="file.separator" value="/"/>
    <property name="basedir" value="/home/frankley/projetos/hello-wildfly/web"/>
    <property name="java.vm.compressedOopsMode" value="Zero based"/>
    <property name="line.separator" value="&#10;"/>
    <property name="java.vm.specification.vendor" value="Oracle Corporation"/>
    <property name="java.specification.name" value="Java Platform API Specification"/>
    <property name="surefire.real.class.path" value="/home/frankley/projetos/hello-wildfly/web/target/surefire/surefirebooter-20230926202822794_3.jar"/>
    <property name="awt.useSystemAAFontSettings" value="on"/>
    <property name="sun.management.compiler" value="HotSpot 64-Bit Tiered Compilers"/>
    <property name="java.runtime.version" value="17.0.8+9-LTS-211"/>
    <property name="user.name" value="frankley"/>
    <property name="path.separator" value=":"/>
    <property name="os.version" value="6.4.0-kali3-amd64"/>
    <property name="java.runtime.name" value="Java(TM) SE Runtime Environment"/>
    <property name="file.encoding" value="UTF-8"/>
    <property name="java.vm.name" value="Java HotSpot(TM) 64-Bit Server VM"/>
    <property name="localRepository" value="/home/frankley/.m2/repository"/>
    <property name="java.vendor.url.bug" value="https://bugreport.java.com/bugreport/"/>
    <property name="java.io.tmpdir" value="/tmp"/>
    <property name="java.version" value="17.0.8"/>
    <property name="user.dir" value="/home/frankley/projetos/hello-wildfly/web"/>
    <property name="os.arch" value="amd64"/>
    <property name="java.vm.specification.name" value="Java Virtual Machine Specification"/>
    <property name="native.encoding" value="UTF-8"/>
    <property name="java.library.path" value="/usr/java/packages/lib:/usr/lib64:/lib64:/lib:/usr/lib"/>
    <property name="java.vm.info" value="mixed mode, sharing"/>
    <property name="java.vendor" value="Oracle Corporation"/>
    <property name="java.vm.version" value="17.0.8+9-LTS-211"/>
    <property name="sun.io.unicode.encoding" value="UnicodeLittle"/>
    <property name="java.class.version" value="61.0"/>
  </properties>
  <testcase name="test" classname="com.francalino.frankley.hellowildfly.test.SampleIT" time="0.11">
    <system-out><![CDATA[Picked up _JAVA_OPTIONS: -Dawt.useSystemAAFontSettings=on -Dswing.aatext=true
&amp#27;[0m20:28:23,675 INFO  [org.jboss.modules] (main) JBoss Modules version 2.1.0.Final
&amp#27;[0m&amp#27;[0m20:28:23,984 INFO  [org.jboss.msc] (main) JBoss MSC version 1.5.1.Final
&amp#27;[0m&amp#27;[0m20:28:23,988 INFO  [org.jboss.threads] (main) JBoss Threads version 2.4.0.Final
&amp#27;[0m&amp#27;[0m20:28:24,044 INFO  [org.jboss.as] (MSC service thread 1-1) WFLYSRV0049: WildFly Full 29.0.1.Final (WildFly Core 21.1.1.Final) starting
&amp#27;[0m&amp#27;[0m20:28:24,409 INFO  [org.wildfly.security] (ServerService Thread Pool -- 5) ELY00001: WildFly Elytron version 2.2.1.Final
&amp#27;[0m&amp#27;[0m20:28:24,702 INFO  [org.jboss.as.controller.management-deprecated] (ServerService Thread Pool -- 12) WFLYCTL0028: Attribute 'cluster' in the resource at address '/subsystem=ejb3/service=remote' is deprecated, and may be removed in a future version. See the attribute description in the output of the read-resource-description operation to learn more about the deprecation.
&amp#27;[0m&amp#27;[0m20:28:24,747 INFO  [org.jboss.as.server] (Controller Boot Thread) WFLYSRV0039: Creating http management service using socket-binding (management-http)
&amp#27;[0m&amp#27;[0m20:28:24,755 INFO  [org.xnio] (MSC service thread 1-4) XNIO version 3.8.9.Final
&amp#27;[0m&amp#27;[0m20:28:24,758 INFO  [org.xnio.nio] (MSC service thread 1-4) XNIO NIO Implementation Version 3.8.9.Final
&amp#27;[0m&amp#27;[0m20:28:24,797 INFO  [org.wildfly.extension.health] (ServerService Thread Pool -- 54) WFLYHEALTH0001: Activating Base Health Subsystem
&amp#27;[0m&amp#27;[0m20:28:24,797 INFO  [org.jboss.as.clustering.infinispan] (ServerService Thread Pool -- 55) WFLYCLINF0001: Activating Infinispan subsystem.
&amp#27;[0m&amp#27;[0m20:28:24,797 INFO  [org.wildfly.extension.io] (ServerService Thread Pool -- 56) WFLYIO001: Worker 'default' has auto-configured to 24 IO threads with 192 max task threads based on your 12 available processors
&amp#27;[0m&amp#27;[0m20:28:24,797 INFO  [org.wildfly.extension.elytron.oidc._private] (ServerService Thread Pool -- 53) WFLYOIDC0001: Activating WildFly Elytron OIDC Subsystem
&amp#27;[0m&amp#27;[0m20:28:24,803 INFO  [org.jboss.as.jaxrs] (ServerService Thread Pool -- 57) WFLYRS0016: RESTEasy version 6.2.5.Final
&amp#27;[0m&amp#27;[33m20:28:24,812 WARN  [org.jboss.as.txn] (ServerService Thread Pool -- 74) WFLYTX0013: The node-identifier attribute on the /subsystem=transactions is set to the default value. This is a danger for environments running multiple servers. Please make sure the attribute value is unique.
&amp#27;[0m&amp#27;[0m20:28:24,819 INFO  [org.jboss.as.connector] (MSC service thread 1-4) WFLYJCA0009: Starting Jakarta Connectors Subsystem (WildFly/IronJacamar 3.0.3.Final)
&amp#27;[0m&amp#27;[0m20:28:24,821 INFO  [org.jboss.as.jsf] (ServerService Thread Pool -- 62) WFLYJSF0007: Activated the following Jakarta Server Faces Implementations: [main]
&amp#27;[0m&amp#27;[0m20:28:24,821 INFO  [org.jboss.as.webservices] (ServerService Thread Pool -- 76) WFLYWS0002: Activating WebServices Extension
&amp#27;[0m&amp#27;[0m20:28:24,826 INFO  [org.wildfly.extension.microprofile.jwt.smallrye] (ServerService Thread Pool -- 66) WFLYJWT0001: Activating MicroProfile JWT Subsystem
&amp#27;[0m&amp#27;[0m20:28:24,830 INFO  [org.jboss.remoting] (MSC service thread 1-6) JBoss Remoting version 5.0.27.Final
&amp#27;[0m&amp#27;[0m20:28:24,837 INFO  [org.wildfly.extension.microprofile.config.smallrye] (ServerService Thread Pool -- 65) WFLYCONF0001: Activating MicroProfile Config Subsystem
&amp#27;[0m&amp#27;[0m20:28:24,838 INFO  [org.jboss.as.connector.subsystems.datasources] (ServerService Thread Pool -- 44) WFLYJCA0004: Deploying JDBC-compliant driver class org.h2.Driver (version 2.1)
&amp#27;[0m&amp#27;[0m20:28:24,841 INFO  [org.jboss.as.naming] (ServerService Thread Pool -- 67) WFLYNAM0001: Activating Naming Subsystem
&amp#27;[0m&amp#27;[0m20:28:24,844 INFO  [org.wildfly.extension.metrics] (ServerService Thread Pool -- 64) WFLYMETRICS0001: Activating Base Metrics Subsystem
&amp#27;[0m&amp#27;[0m20:28:24,844 INFO  [org.jboss.as.connector.deployers.jdbc] (MSC service thread 1-8) WFLYJCA0018: Started Driver service with driver-name = h2
&amp#27;[0m&amp#27;[0m20:28:24,866 INFO  [org.jboss.as.naming] (MSC service thread 1-8) WFLYNAM0003: Starting Naming Service
&amp#27;[0m&amp#27;[0m20:28:24,867 INFO  [org.jboss.as.mail.extension] (MSC service thread 1-1) WFLYMAIL0001: Bound mail session [java:jboss/mail/Default]
&amp#27;[0m&amp#27;[0m20:28:24,878 INFO  [org.wildfly.extension.undertow] (MSC service thread 1-5) WFLYUT0003: Undertow 2.3.7.Final starting
&amp#27;[0m&amp#27;[33m20:28:24,887 WARN  [org.wildfly.extension.elytron] (MSC service thread 1-6) WFLYELY00023: KeyStore file '/home/frankley/opt/java/servers/wildfly-29.0.1.Final/standalone/configuration/application.keystore' does not exist. Used blank.
&amp#27;[0m&amp#27;[33m20:28:24,898 WARN  [org.wildfly.extension.elytron] (MSC service thread 1-6) WFLYELY01084: KeyStore /home/frankley/opt/java/servers/wildfly-29.0.1.Final/standalone/configuration/application.keystore not found, it will be auto-generated on first use with a self-signed certificate for host localhost
&amp#27;[0m&amp#27;[0m20:28:24,911 INFO  [org.wildfly.extension.undertow] (ServerService Thread Pool -- 75) WFLYUT0014: Creating file handler for path '/home/frankley/opt/java/servers/wildfly-29.0.1.Final/welcome-content' with options [directory-listing: 'false', follow-symlink: 'false', case-sensitive: 'true', safe-symlink-paths: '[]']
&amp#27;[0m&amp#27;[0m20:28:24,912 INFO  [org.jboss.as.ejb3] (MSC service thread 1-8) WFLYEJB0482: Strict pool mdb-strict-max-pool is using a max instance size of 48 (per class), which is derived from the number of CPUs on this host.
&amp#27;[0m&amp#27;[0m20:28:24,912 INFO  [org.jboss.as.ejb3] (MSC service thread 1-6) WFLYEJB0481: Strict pool slsb-strict-max-pool is using a max instance size of 192 (per class), which is derived from thread worker pool sizing.
&amp#27;[0m&amp#27;[0m20:28:24,949 INFO  [org.wildfly.extension.undertow] (MSC service thread 1-7) WFLYUT0012: Started server default-server.
&amp#27;[0m&amp#27;[0m20:28:24,951 INFO  [org.wildfly.extension.undertow] (MSC service thread 1-7) Queuing requests.
&amp#27;[0m&amp#27;[0m20:28:24,953 INFO  [org.wildfly.extension.undertow] (MSC service thread 1-7) WFLYUT0018: Host default-host starting
&amp#27;[0m&amp#27;[0m20:28:24,975 INFO  [org.wildfly.extension.undertow] (MSC service thread 1-6) WFLYUT0006: Undertow HTTP listener default listening on 127.0.0.1:8080
&amp#27;[0m&amp#27;[0m20:28:25,018 INFO  [org.wildfly.extension.undertow] (MSC service thread 1-4) WFLYUT0006: Undertow HTTPS listener https listening on 127.0.0.1:8443
&amp#27;[0m&amp#27;[0m20:28:25,021 INFO  [org.jboss.as.ejb3] (MSC service thread 1-7) WFLYEJB0493: Jakarta Enterprise Beans subsystem suspension complete
&amp#27;[0m&amp#27;[0m20:28:25,059 INFO  [org.jboss.as.connector.subsystems.datasources] (MSC service thread 1-2) WFLYJCA0001: Bound data source [java:jboss/datasources/ExampleDS]
&amp#27;[0m&amp#27;[0m20:28:25,092 INFO  [org.jboss.as.server.deployment] (MSC service thread 1-1) WFLYSRV0027: Starting deployment of "ojdbc11-23.2.0.0.jar" (runtime-name: "ojdbc11-23.2.0.0.jar")
&amp#27;[0m&amp#27;[0m20:28:25,098 INFO  [org.jboss.as.server.deployment.scanner] (MSC service thread 1-6) WFLYDS0013: Started FileSystemDeploymentService for directory /home/frankley/opt/java/servers/wildfly-29.0.1.Final/standalone/deployments
&amp#27;[0m&amp#27;[0m20:28:25,141 INFO  [org.jboss.ws.common.management] (MSC service thread 1-4) JBWS022052: Starting JBossWS 6.2.0.Final (Apache CXF 4.0.0) 
&amp#27;[0m&amp#27;[33m20:28:25,666 WARN  [org.jboss.as.server.deployment] (MSC service thread 1-2) WFLYSRV0059: Class Path entry oraclepki.jar in /content/ojdbc11-23.2.0.0.jar  does not point to a valid jar for a Class-Path reference.
&amp#27;[0m&amp#27;[0m20:28:25,906 INFO  [org.jboss.as.connector.deployers.jdbc] (MSC service thread 1-6) WFLYJCA0004: Deploying JDBC-compliant driver class oracle.jdbc.OracleDriver (version 23.2)
&amp#27;[0m&amp#27;[0m20:28:25,913 INFO  [org.jboss.as.connector.deployers.jdbc] (MSC service thread 1-8) WFLYJCA0018: Started Driver service with driver-name = ojdbc11-23.2.0.0.jar
&amp#27;[0m&amp#27;[0m20:28:25,915 INFO  [org.jboss.as.connector.subsystems.datasources] (MSC service thread 1-1) WFLYJCA0001: Bound data source [java:/XOracleDS]
&amp#27;[0m&amp#27;[0m20:28:25,915 INFO  [org.jboss.as.connector.subsystems.datasources] (MSC service thread 1-4) WFLYJCA0001: Bound data source [java:/AcessoDS]
&amp#27;[0m&amp#27;[0m20:28:25,947 INFO  [org.jboss.as.server] (Controller Boot Thread) WFLYSRV0010: Deployed "ojdbc11-23.2.0.0.jar" (runtime-name : "ojdbc11-23.2.0.0.jar")
&amp#27;[0m&amp#27;[0m20:28:25,968 INFO  [org.jboss.as.server] (Controller Boot Thread) WFLYSRV0212: Resuming server
&amp#27;[0m&amp#27;[0m20:28:25,970 INFO  [org.jboss.as] (Controller Boot Thread) WFLYSRV0060: Http management interface listening on http://127.0.0.1:9990/management
&amp#27;[0m&amp#27;[0m20:28:25,971 INFO  [org.jboss.as] (Controller Boot Thread) WFLYSRV0051: Admin console listening on http://127.0.0.1:9990
&amp#27;[0m&amp#27;[0m20:28:25,972 INFO  [org.jboss.as] (Controller Boot Thread) WFLYSRV0025: WildFly Full 29.0.1.Final (WildFly Core 21.1.1.Final) started in 2487ms - Started 364 of 587 services (321 services are lazy, passive or on-demand) - Server configuration file in use: standalone.xml
&amp#27;[0m&amp#27;[0m20:28:26,379 INFO  [org.jboss.as.repository] (management-handler-thread - 1) WFLYDR0001: Content added at location /home/frankley/opt/java/servers/wildfly-29.0.1.Final/standalone/data/content/44/dbb0f3994fed2882d288595e22d373c3cc1244/content
&amp#27;[0m&amp#27;[0m20:28:26,383 INFO  [org.jboss.as.server.deployment] (MSC service thread 1-4) WFLYSRV0027: Starting deployment of "hello-wildfly-ear.ear" (runtime-name: "hello-wildfly-ear.ear")
&amp#27;[0m&amp#27;[0m20:28:26,471 INFO  [org.jboss.as.server.deployment] (MSC service thread 1-7) WFLYSRV0207: Starting subdeployment (runtime-name: "hello-wildfly-web.war")
&amp#27;[0m&amp#27;[0m20:28:26,602 INFO  [org.jboss.weld.deployer] (MSC service thread 1-5) WFLYWELD0003: Processing weld deployment hello-wildfly-ear.ear
&amp#27;[0m&amp#27;[0m20:28:26,653 INFO  [org.hibernate.validator.internal.util.Version] (MSC service thread 1-5) HV000001: Hibernate Validator 8.0.0.Final
&amp#27;[0m&amp#27;[0m20:28:26,737 INFO  [org.jboss.weld.deployer] (MSC service thread 1-1) WFLYWELD0003: Processing weld deployment hello-wildfly-web.war
&amp#27;[0m&amp#27;[0m20:28:26,798 INFO  [org.jboss.weld.Version] (MSC service thread 1-2) WELD-000900: 5.1.1 (SP1)
&amp#27;[0m&amp#27;[0m20:28:27,339 INFO  [jakarta.enterprise.resource.webcontainer.faces.config] (ServerService Thread Pool -- 35) Initializing Mojarra 4.0.2 for context '/hello-wildfly-web'
&amp#27;[0m&amp#27;[0m20:28:27,533 INFO  [org.wildfly.extension.undertow] (ServerService Thread Pool -- 35) WFLYUT0021: Registered web context: '/hello-wildfly-web' for server 'default-server'
&amp#27;[0m&amp#27;[0m20:28:27,568 INFO  [org.jboss.as.server] (management-handler-thread - 1) WFLYSRV0010: Deployed "hello-wildfly-ear.ear" (runtime-name : "hello-wildfly-ear.ear")
&amp#27;[0m&amp#27;[0m20:28:27,799 INFO  [stdout] (default task-2) Test is invoked...
&amp#27;[0m]]></system-out>
    <system-err><![CDATA[Sep 26, 2023 8:28:23 PM org.jboss.threads.Version <clinit>
INFO: JBoss Threads version 2.4.0.Final
Sep 26, 2023 8:28:23 PM org.jboss.as.arquillian.container.CommonManagedDeployableContainer startInternal
INFO: Starting container with: [/home/frankley/.sdkman/candidates/java/current/bin/java, -D[Standalone], -Xms64m, -Xmx512m, -Djava.net.preferIPv4Stack=true, -Djava.awt.headless=true, -Djboss.modules.system.pkgs=org.jboss.byteman, -ea, -Djboss.home.dir=/home/frankley/opt/java/servers/wildfly-29.0.1.Final, --add-exports=java.desktop/sun.awt=ALL-UNNAMED, --add-exports=java.naming/com.sun.jndi.ldap=ALL-UNNAMED, --add-exports=java.naming/com.sun.jndi.url.ldap=ALL-UNNAMED, --add-exports=java.naming/com.sun.jndi.url.ldaps=ALL-UNNAMED, --add-exports=jdk.naming.dns/com.sun.jndi.dns=ALL-UNNAMED, --add-opens=java.base/java.lang=ALL-UNNAMED, --add-opens=java.base/java.lang.invoke=ALL-UNNAMED, --add-opens=java.base/java.lang.reflect=ALL-UNNAMED, --add-opens=java.base/java.io=ALL-UNNAMED, --add-opens=java.base/java.security=ALL-UNNAMED, --add-opens=java.base/java.util=ALL-UNNAMED, --add-opens=java.base/java.util.concurrent=ALL-UNNAMED, --add-opens=java.management/javax.management=ALL-UNNAMED, --add-opens=java.naming/javax.naming=ALL-UNNAMED, --add-modules=java.se, -Djava.security.manager=allow, -Djboss.home.dir=/home/frankley/opt/java/servers/wildfly-29.0.1.Final, -Djboss.server.base.dir=/home/frankley/opt/java/servers/wildfly-29.0.1.Final/standalone, -Djboss.server.log.dir=/home/frankley/opt/java/servers/wildfly-29.0.1.Final/standalone/log, -Djboss.server.config.dir=/home/frankley/opt/java/servers/wildfly-29.0.1.Final/standalone/configuration, -Dorg.jboss.boot.log.file=/home/frankley/opt/java/servers/wildfly-29.0.1.Final/standalone/log/server.log, -Dlogging.configuration=file:/home/frankley/opt/java/servers/wildfly-29.0.1.Final/standalone/configuration/logging.properties, -jar, /home/frankley/opt/java/servers/wildfly-29.0.1.Final/jboss-modules.jar, -mp, /home/frankley/opt/java/servers/wildfly-29.0.1.Final/modules, org.jboss.as.standalone]
Sep 26, 2023 8:28:23 PM org.jboss.remoting3.EndpointImpl <clinit>
INFO: JBoss Remoting version 5.0.27.Final
Sep 26, 2023 8:28:23 PM org.xnio.Xnio <clinit>
INFO: XNIO version 3.8.9.Final
Sep 26, 2023 8:28:23 PM org.xnio.nio.NioXnio <clinit>
INFO: XNIO NIO Implementation Version 3.8.9.Final
Sep 26, 2023 8:28:23 PM org.wildfly.security.Version <clinit>
INFO: ELY00001: WildFly Elytron version 2.2.1.Final
]]></system-err>
  </testcase>
</testsuite>